<?xml version="1.0" encoding="UTF-8"?>
<project xmlns="http://maven.apache.org/POM/4.0.0"
         xmlns:xsi="http://www.w3.org/2001/XMLSchema-instance"
         xsi:schemaLocation="http://maven.apache.org/POM/4.0.0 http://maven.apache.org/xsd/maven-4.0.0.xsd">
    <modelVersion>4.0.0</modelVersion>

    <groupId>uk.co.bbc</groupId>
    <artifactId>optimist</artifactId>
    <version>1.0-SNAPSHOT</version>
    <packaging>jar</packaging>

    <properties>
        <aws-java.version>1.11.677</aws-java.version>
        <config-fetcher.version>2.0.0</config-fetcher.version>
        <gti-domain.version>1.38</gti-domain.version>
        <java.version>11</java.version>
        <project.build.sourceEncoding>UTF-8</project.build.sourceEncoding>
        <maven.compiler.source>1.8</maven.compiler.source>
        <maven.compiler.target>1.8</maven.compiler.target>
        <slf4j.version>1.7.25</slf4j.version>
        <aws.sdk2.version>2.7.5</aws.sdk2.version>
        <mockito.version>2.28.2</mockito.version>
        <hamcrest.version>2.1</hamcrest.version>
        <junit.version>5.4.2</junit.version>
        <jackson.version>2.9.9</jackson.version>
        <freeman.version>1.1.0</freeman.version>
        <ispyjava.version>3.0.2</ispyjava.version>
        <dynamo-notifier-domain.version>2.0.1</dynamo-notifier-domain.version>
        <odsr-domain.version>0.0.19</odsr-domain.version>
        <availability-reader-client.version>2.1.0</availability-reader-client.version>
        <http-friend.version>1.0.4</http-friend.version>
        <availability-catchup-domain.version>1.0.9</availability-catchup-domain.version>
    </properties>

    <dependencyManagement>
        <dependencies>

            <dependency>
                <groupId>uk.co.bbc.message-patterns</groupId>
                <artifactId>message-patterns</artifactId>
                <version>1.0.1</version>
            </dependency>

            <dependency>
                <groupId>org.apache.httpcomponents</groupId>
                <artifactId>httpcore</artifactId>
                <version>4.4.11</version>
            </dependency>
            <dependency>
                <groupId>org.apache.httpcomponents</groupId>
                <artifactId>httpclient</artifactId>
                <version>4.5.9</version>
            </dependency>
            <dependency>
                <groupId>org.apache.httpcomponents</groupId>
                <artifactId>httpasyncclient</artifactId>
                <version>4.1.4</version>
            </dependency>
            <dependency>
                <groupId>org.apache.httpcomponents</groupId>
                <artifactId>httpcore-nio</artifactId>
                <version>4.4.11</version>
            </dependency>
        </dependencies>
    </dependencyManagement>


    <dependencies>
        <!-- amazon -->

        <dependency>
            <groupId>software.amazon.awssdk</groupId>
            <artifactId>sts</artifactId>
            <version>${aws.sdk2.version}</version>
        </dependency>
        <dependency>
            <groupId>software.amazon.awssdk</groupId>
            <artifactId>sns</artifactId>
            <version>${aws.sdk2.version}</version>
        </dependency>
        <dependency>
            <groupId>software.amazon.awssdk</groupId>
            <artifactId>sqs</artifactId>
            <version>${aws.sdk2.version}</version>
        </dependency>
        <dependency>
            <groupId>software.amazon.awssdk</groupId>
            <artifactId>regions</artifactId>
            <version>${aws.sdk2.version}</version>
        </dependency>
        <dependency>
            <groupId>com.amazonaws</groupId>
            <artifactId>aws-lambda-java-events</artifactId>
            <version>2.2.6</version>
        </dependency>

        <!-- bbc -->

        <dependency>
            <groupId>uk.co.bbc.availability-reader-client</groupId>
            <artifactId>availability-reader-client</artifactId>
            <version>${availability-reader-client.version}</version>
        </dependency>

        <dependency>
            <groupId>uk.co.bbc.ispy</groupId>
            <artifactId>ispy-java-core</artifactId>
            <version>${ispyjava.version}</version>
        </dependency>
        <dependency>
            <groupId>uk.co.bbc.ispy</groupId>
            <artifactId>ispy-java-aws</artifactId>
            <version>${ispyjava.version}</version>
        </dependency>
        <dependency>
            <groupId>uk.co.bbc.freeman</groupId>
            <artifactId>freeman-aws</artifactId>
            <version>${freeman.version}</version>
        </dependency>
        <dependency>
            <groupId>uk.co.bbc.freeman</groupId>
            <artifactId>freeman-ispy</artifactId>
            <version>${freeman.version}</version>
        </dependency>
        <dependency>
            <groupId>uk.co.bbc.freeman</groupId>
            <artifactId>freeman-core</artifactId>
            <version>${freeman.version}</version>
        </dependency>
        <dependency>
            <groupId>uk.co.bbc.http-friend</groupId>
            <artifactId>http-friend</artifactId>
            <version>${http-friend.version}</version>
        </dependency>

        <!-- slf4j -->
        <dependency>
            <groupId>org.slf4j</groupId>
            <artifactId>slf4j-api</artifactId>
            <version>${slf4j.version}</version>
        </dependency>
        <dependency>
            <groupId>org.slf4j</groupId>
            <artifactId>jul-to-slf4j</artifactId>
            <version>${slf4j.version}</version>
        </dependency>
        <dependency>
            <groupId>org.slf4j</groupId>
            <artifactId>jcl-over-slf4j</artifactId>
            <version>${slf4j.version}</version>
        </dependency>
        <dependency>
            <groupId>org.slf4j</groupId>
            <artifactId>log4j-over-slf4j</artifactId>
            <version>${slf4j.version}</version>
        </dependency>
        <dependency>
            <groupId>ch.qos.logback</groupId>
            <artifactId>logback-classic</artifactId>
            <version>1.2.3</version>
        </dependency>

        <!-- jackson parsers -->
        <dependency>
            <groupId>com.fasterxml.jackson.core</groupId>
            <artifactId>jackson-databind</artifactId>
            <version>${jackson.version}</version>
        </dependency>
        <dependency>
            <groupId>com.fasterxml.jackson.dataformat</groupId>
            <artifactId>jackson-dataformat-xml</artifactId>
            <version>${jackson.version}</version>
        </dependency>
        <dependency>
            <groupId>com.fasterxml.jackson.core</groupId>
            <artifactId>jackson-annotations</artifactId>
            <version>${jackson.version}</version>
        </dependency>
        <dependency>
            <groupId>com.fasterxml.jackson.core</groupId>
            <artifactId>jackson-core</artifactId>
            <version>${jackson.version}</version>
        </dependency>
        <dependency>
            <groupId>com.fasterxml.jackson.datatype</groupId>
            <artifactId>jackson-datatype-jdk8</artifactId>
            <version>${jackson.version}</version>
        </dependency>
        <dependency>
            <groupId>com.fasterxml.jackson.module</groupId>
            <artifactId>jackson-module-parameter-names</artifactId>
            <version>${jackson.version}</version>
        </dependency>

        <!-- jaxb bits - for compiling on >= JDK 9. -->
        <dependency>
            <groupId>javax.xml.bind</groupId>
            <artifactId>jaxb-api</artifactId>
            <version>2.3.1</version>
        </dependency>
        <dependency>
            <groupId>com.fasterxml.woodstox</groupId>
            <artifactId>woodstox-core</artifactId>
            <version>5.2.0</version>
        </dependency>

        <!-- testing -->
        <dependency>
            <groupId>org.junit.jupiter</groupId>
            <artifactId>junit-jupiter-engine</artifactId>
            <version>${junit.version}</version>
            <scope>test</scope>
        </dependency>
        <dependency>
            <groupId>org.junit.jupiter</groupId>
            <artifactId>junit-jupiter-api</artifactId>
            <version>${junit.version}</version>
            <scope>test</scope>
        </dependency>
        <dependency>
            <groupId>org.mockito</groupId>
            <artifactId>mockito-junit-jupiter</artifactId>
            <version>${mockito.version}</version>
            <scope>test</scope>
        </dependency>
        <dependency>
            <groupId>org.mockito</groupId>
            <artifactId>mockito-core</artifactId>
            <version>${mockito.version}</version>
            <scope>test</scope>
        </dependency>
        <dependency>
            <groupId>org.hamcrest</groupId>
            <artifactId>hamcrest</artifactId>
            <version>${hamcrest.version}</version>
            <scope>test</scope>
        </dependency>
        <dependency>
            <groupId>org.hamcrest</groupId>
            <artifactId>hamcrest-library</artifactId>
            <version>${hamcrest.version}</version>
            <scope>test</scope>
        </dependency>
        <dependency>
            <groupId>org.hamcrest</groupId>
            <artifactId>hamcrest-core</artifactId>
            <version>${hamcrest.version}</version>
            <scope>test</scope>
        </dependency>

        <!-- Lambda runner dependencies -->
        <dependency>
            <groupId>uk.co.bbc.pcs.common</groupId>
            <artifactId>aws-lambda-java-testing-utils</artifactId>
            <version>12</version>
            <scope>runtime</scope>
            <exclusions>
                <exclusion>
                    <groupId>org.slf4j</groupId>
                    <artifactId>slf4j-simple</artifactId>
                </exclusion>
            </exclusions>
        </dependency>
        <dependency>
            <groupId>com.amazonaws</groupId>
            <artifactId>aws-java-sdk-dynamodb</artifactId>
            <version>${aws-java.version}</version>
            <scope>runtime</scope>
        </dependency>
        <dependency>
            <groupId>uk.co.bbc</groupId>
            <artifactId>dynamo-notifier-domain</artifactId>
            <version>${dynamo-notifier-domain.version}</version>
        </dependency>
        <dependency>
            <groupId>uk.co.bbc.odsr</groupId>
            <artifactId>odsr-domain</artifactId>
            <version>${odsr-domain.version}</version>
        </dependency>
        <dependency>
            <groupId>uk.co.bbc.availability-catchup-domain</groupId>
            <artifactId>availability-catchup-domain</artifactId>
            <version>${availability-catchup-domain.version}</version>
        </dependency>

    </dependencies>

    <build>
        <plugins>
            <plugin>
                <artifactId>maven-surefire-plugin</artifactId>
                <version>2.22.2</version>
                <configuration>
                    <trimStackTrace>false</trimStackTrace>
                </configuration>
            </plugin>
            <plugin>
                <artifactId>maven-compiler-plugin</artifactId>
                <version>3.0</version>
                <configuration>
                    <source>${java.version}</source>
                    <target>${java.version}</target>
                </configuration>
            </plugin>
            <plugin>
                <groupId>org.apache.maven.plugins</groupId>
                <artifactId>maven-shade-plugin</artifactId>
                <version>3.2.1</version>
                <executions>
                    <execution>
                        <id>cucumber-jar</id>
                        <phase>package</phase>
                        <goals>
                            <goal>shade</goal>
                        </goals>
                        <configuration>
                            <createDependencyReducedPom>false</createDependencyReducedPom>
                            <finalName>${project.artifactId}-${project.version}-fat-tests</finalName>
                            <transformers>
                                <transformer implementation="org.apache.maven.plugins.shade.resource.ManifestResourceTransformer">
                                    <mainClass>uk.co.bbc.pcs.common.lambda.AwsLambdaRunner</mainClass>
                                </transformer>
                                <transformer implementation="org.apache.maven.plugins.shade.resource.ServicesResourceTransformer"/>
                            </transformers>
                        </configuration>
                    </execution>
                    <execution>
                        <id>main-jar</id>
                        <phase>package</phase>
                        <goals>
                            <goal>shade</goal>
                        </goals>
                        <configuration>
                            <createDependencyReducedPom>false</createDependencyReducedPom>
                            <artifactSet>
                                <excludes>
                                    <exclude>com.amazonaws:aws-java-sdk-dynamodb</exclude>
                                    <exclude>uk.co.bbc.pcs.common:aws-lambda-java-testing-utils</exclude>
                                </excludes>
                            </artifactSet>
                            <transformers>
                                <transformer implementation="org.apache.maven.plugins.shade.resource.ServicesResourceTransformer"/>
                            </transformers>
                        </configuration>
                    </execution>
                </executions>
            </plugin>
        </plugins>
    </build>


</project>